<?xml version="1.0" encoding="UTF-8"?>
<!-- Generated by org.testng.reporters.JUnitXMLReporter -->
<testsuite ignored="0" hostname="NSI-3-IT-N138" failures="2" tests="2" name="Test" time="5.359" errors="0" timestamp="2023-12-06T15:43:21 IST">
  <testcase classname="io.cucumber.testng.AbstractTestNGCucumberTests" name="runScenario" time="4.692">
    <failure type="java.lang.AssertionError" message="expected [Thank 1you for your order!] but found [Thank you for your order!]">
      <![CDATA[java.lang.AssertionError: expected [Thank 1you for your order!] but found [Thank you for your order!]
at Steps.OrderPlacing.VerifyconfirmationAndLogout(OrderPlacing.java:79)
at ✽.Verify the Thank 1you for your order!(file:///home/hemanathan.m/eclipse-workspace/Cucumber/src/test/java/Features/Orderconfirmation.feature:14)
... Removed 6 stack frames]]>
    </failure>
  </testcase> <!-- runScenario -->
  <testcase classname="io.cucumber.testng.AbstractTestNGCucumberTests" name="runScenario" time="4.712">
    <failure type="java.lang.IllegalArgumentException" message="ScreenCapture path must not be null or empty">
      <![CDATA[java.lang.IllegalArgumentException: ScreenCapture path must not be null or empty
at com.aventstack.extentreports.util.Assert.notEmpty(Assert.java:12)
at com.aventstack.extentreports.ExtentTest.addScreenCaptureFromPath(ExtentTest.java:1074)
at StandardObjects.Listener.onTestFailure(Listener.java:54)
at java.base/java.util.ArrayList.forEach(ArrayList.java:1541)
... Removed 24 stack frames]]>
    </failure>
  </testcase> <!-- runScenario -->
</testsuite> <!-- Test -->
